<?xml version="1.0" encoding="utf-8"?><testsuites><testsuite errors="0" failures="0" hostname="home-casare" name="pytest" skipped="0" tests="2" time="1.002" timestamp="2021-12-09T18:16:11.492102"><testcase classname="ec2tests" name="test_ec2_instance_created" time="0.221"></testcase><testcase classname="ec2tests" name="test_ec2_instances_list" time="0.221"></testcase></testsuite></testsuites>